<?xml version="1.0" encoding="UTF-8"?>
<!-- Generated by org.testng.reporters.JUnitReportReporter -->
<testsuite hostname="LAPTOP-L7KSV8R3" failures="0" tests="1" name="TestCases.Admin_login_test" time="29.489" errors="0" timestamp="2025-09-22T20:26:32 IST" skipped="0">
  <testcase classname="TestCases.Admin_login_test" name="verifyAdminLogin" time="29.489"/>
</testsuite> <!-- TestCases.Admin_login_test -->
